Using pre-set license
Built from '2020.3/release' branch; Version is '2020.3.15f2 (6cf78cb77498) revision 7141260'; Using compiler version '192528614'; Build Type 'Release'
OS: 'Windows 10 Home; OS build 19043.1526; Version 2009; 64bit' Language: 'ko' Physical Memory: 7873 MB
BatchMode: 1, IsHumanControllingUs: 0, StartBugReporterOnCrash: 0, Is64bit: 1, IsPro: 0

 COMMAND LINE ARGUMENTS:
C:\Program Files\Unity\Hub\Editor\2020.3.15f2\Editor\Unity.exe
-adb2
-batchMode
-noUpm
-name
AssetImportWorker0
-projectPath
C:/Users/hsy40/Desktop/unity/stone
-logFile
Logs/AssetImportWorker0.log
-srvPort
57247
Successfully changed project path to: C:/Users/hsy40/Desktop/unity/stone
C:/Users/hsy40/Desktop/unity/stone
Using Asset Import Pipeline V2.
Refreshing native plugins compatible for Editor in 49.33 ms, found 3 plugins.
Preloading 0 native plugins for Editor in 0.00 ms.
Initialize engine version: 2020.3.15f2 (6cf78cb77498)
[Subsystems] Discovering subsystems at path C:/Program Files/Unity/Hub/Editor/2020.3.15f2/Editor/Data/Resources/UnitySubsystems
[Subsystems] Discovering subsystems at path C:/Users/hsy40/Desktop/unity/stone/Assets
GfxDevice: creating device client; threaded=0
Direct3D:
    Version:  Direct3D 11.0 [level 11.1]
    Renderer: NVIDIA GeForce GTX 1060 (ID=0x1c20)
    Vendor:   
    VRAM:     6052 MB
    Driver:   30.0.14.7141
Initialize mono
Mono path[0] = 'C:/Program Files/Unity/Hub/Editor/2020.3.15f2/Editor/Data/Managed'
Mono path[1] = 'C:/Program Files/Unity/Hub/Editor/2020.3.15f2/Editor/Data/MonoBleedingEdge/lib/mono/unityjit'
Mono config path = 'C:/Program Files/Unity/Hub/Editor/2020.3.15f2/Editor/Data/MonoBleedingEdge/etc'
Using monoOptions --debugger-agent=transport=dt_socket,embedding=1,server=y,suspend=n,address=127.0.0.1:56340
Begin MonoManager ReloadAssembly
Registering precompiled unity dll's ...
Register platform support module: C:/Program Files/Unity/Hub/Editor/2020.3.15f2/Editor/Data/PlaybackEngines/WindowsStandaloneSupport/UnityEditor.WindowsStandalone.Extensions.dll
Registered in 0.004518 seconds.
Native extension for WindowsStandalone target not found
Refreshing native plugins compatible for Editor in 53.09 ms, found 3 plugins.
Preloading 0 native plugins for Editor in 0.00 ms.
Mono: successfully reloaded assembly
- Completed reload, in  4.528 seconds
Domain Reload Profiling:
	ReloadAssembly (4528ms)
		BeginReloadAssembly (91ms)
			ExecutionOrderSort (0ms)
			DisableScriptedObjects (0ms)
			BackupInstance (0ms)
			ReleaseScriptingObjects (0ms)
			CreateAndSetChildDomain (1ms)
		EndReloadAssembly (638ms)
			LoadAssemblies (88ms)
			RebuildTransferFunctionScriptingTraits (0ms)
			SetupTypeCache (219ms)
			ReleaseScriptCaches (0ms)
			RebuildScriptCaches (35ms)
			SetupLoadedEditorAssemblies (245ms)
				LogAssemblyErrors (0ms)
				InitializePlatformSupportModulesInManaged (5ms)
				SetLoadedEditorAssemblies (1ms)
				RefreshPlugins (53ms)
				BeforeProcessingInitializeOnLoad (18ms)
				ProcessInitializeOnLoadAttributes (117ms)
				ProcessInitializeOnLoadMethodAttributes (50ms)
				AfterProcessingInitializeOnLoad (0ms)
				EditorAssembliesLoaded (0ms)
			ExecutionOrderSort2 (0ms)
			AwakeInstancesAfterBackupRestoration (0ms)
Platform modules already initialized, skipping
Registering precompiled user dll's ...
Registered in 0.014641 seconds.
Begin MonoManager ReloadAssembly
Native extension for WindowsStandalone target not found
Refreshing native plugins compatible for Editor in 51.54 ms, found 3 plugins.
Preloading 0 native plugins for Editor in 0.00 ms.
Mono: successfully reloaded assembly
- Completed reload, in  1.686 seconds
Domain Reload Profiling:
	ReloadAssembly (1687ms)
		BeginReloadAssembly (165ms)
			ExecutionOrderSort (0ms)
			DisableScriptedObjects (5ms)
			BackupInstance (0ms)
			ReleaseScriptingObjects (0ms)
			CreateAndSetChildDomain (20ms)
		EndReloadAssembly (1457ms)
			LoadAssemblies (164ms)
			RebuildTransferFunctionScriptingTraits (0ms)
			SetupTypeCache (425ms)
			ReleaseScriptCaches (1ms)
			RebuildScriptCaches (59ms)
			SetupLoadedEditorAssemblies (648ms)
				LogAssemblyErrors (0ms)
				InitializePlatformSupportModulesInManaged (4ms)
				SetLoadedEditorAssemblies (0ms)
				RefreshPlugins (52ms)
				BeforeProcessingInitializeOnLoad (151ms)
				ProcessInitializeOnLoadAttributes (416ms)
				ProcessInitializeOnLoadMethodAttributes (16ms)
				AfterProcessingInitializeOnLoad (9ms)
				EditorAssembliesLoaded (0ms)
			ExecutionOrderSort2 (0ms)
			AwakeInstancesAfterBackupRestoration (9ms)
Platform modules already initialized, skipping
========================================================================
Worker process is ready to serve import requests
Launched and connected shader compiler UnityShaderCompiler.exe after 0.12 seconds
Refreshing native plugins compatible for Editor in 0.78 ms, found 3 plugins.
Preloading 0 native plugins for Editor in 0.00 ms.
Unloading 2096 Unused Serialized files (Serialized files now loaded: 0)
System memory in use before: 95.8 MB.
System memory in use after: 95.8 MB.

Unloading 33 unused Assets to reduce memory usage. Loaded Objects now: 2529.
Total: 4.141200 ms (FindLiveObjects: 0.213500 ms CreateObjectMapping: 0.102500 ms MarkObjects: 3.616100 ms  DeleteObjects: 0.207400 ms)

AssetImportParameters requested are different than current active one (requested -> active):
  custom:framework-win-MediaFoundation: 216162199b28c13a410421893ffa2e32 -> 
  custom:video-decoder-ogg-theora: a1e56fd34408186e4bbccfd4996cb3dc -> 
  custom:container-muxer-webm: aa71ff27fc2769a1b78a27578f13a17b -> 
  custom:container-demuxer-webm: 4f35f7cbe854078d1ac9338744f61a02 -> 
  custom:container-demuxer-ogg: 62fdf1f143b41e24485cea50d1cbac27 -> 
  custom:video-encoder-webm-vp8: eb34c28f22e8b96e1ab97ce403110664 -> 
  custom:video-decoder-webm-vp8: 9c59270c3fd7afecdb556c50c9e8de78 -> 
  custom:audio-decoder-ogg-vorbis: bf7c407c2cedff20999df2af8eb42d56 -> 
  custom:audio-encoder-webm-vorbis: bf7c407c2cedff20999df2af8eb42d56 -> 
========================================================================
Received Import Request.
  path: Assets/Free Pack/Computer explosion 6 - Alarm.wav
  artifactKey: Guid(65b3207f91d67094e87be85dbe54c89d) Importer(815301076,1909f56bfc062723c751e8b465ee728b)
Start importing Assets/Free Pack/Computer explosion 6 - Alarm.wav using Guid(65b3207f91d67094e87be85dbe54c89d) Importer(815301076,1909f56bfc062723c751e8b465ee728b)  -> (artifact id: 'd350581a22aefe4e0f11260ec404b034') in 0.231301 seconds 
  Import took 0.238785 seconds .

========================================================================
Received Import Request.
  Time since last request: 0.000272 seconds.
  path: Assets/Free Pack/Explosion 8.wav
  artifactKey: Guid(d47e6ed162da1f740ad807d00f4679f3) Importer(815301076,1909f56bfc062723c751e8b465ee728b)
Start importing Assets/Free Pack/Explosion 8.wav using Guid(d47e6ed162da1f740ad807d00f4679f3) Importer(815301076,1909f56bfc062723c751e8b465ee728b)  -> (artifact id: '58210585db0ee00a869954f5d9eae7b7') in 0.032601 seconds 
  Import took 0.040518 seconds .

========================================================================
Received Import Request.
  Time since last request: 0.000276 seconds.
  path: Assets/Free Pack/Flare gun 5-2.wav
  artifactKey: Guid(0bd05763df902854a80475577a26666a) Importer(815301076,1909f56bfc062723c751e8b465ee728b)
Start importing Assets/Free Pack/Flare gun 5-2.wav using Guid(0bd05763df902854a80475577a26666a) Importer(815301076,1909f56bfc062723c751e8b465ee728b)  -> (artifact id: 'e854a01fda770986149cac0c42df2fce') in 0.022569 seconds 
  Import took 0.030723 seconds .

========================================================================
Received Import Request.
  Time since last request: 0.000282 seconds.
  path: Assets/Free Pack/Metal Impact 7.wav
  artifactKey: Guid(2e071f5b8b8467d45a5e6e24c23c6ad4) Importer(815301076,1909f56bfc062723c751e8b465ee728b)
Start importing Assets/Free Pack/Metal Impact 7.wav using Guid(2e071f5b8b8467d45a5e6e24c23c6ad4) Importer(815301076,1909f56bfc062723c751e8b465ee728b)  -> (artifact id: '8836b42c4d0e5a4a3f2df780a5afe46c') in 0.019904 seconds 
  Import took 0.025980 seconds .

========================================================================
Received Import Request.
  Time since last request: 0.000270 seconds.
  path: Assets/Free Pack/Easy Going Medieval Tavern - Loop.wav
  artifactKey: Guid(cdfab68e200464842847522ffb19ae13) Importer(815301076,1909f56bfc062723c751e8b465ee728b)
Start importing Assets/Free Pack/Easy Going Medieval Tavern - Loop.wav using Guid(cdfab68e200464842847522ffb19ae13) Importer(815301076,1909f56bfc062723c751e8b465ee728b)  -> (artifact id: '4a2e66ac07ece75601d4661616752dd2') in 0.020557 seconds 
  Import took 0.027979 seconds .

========================================================================
Received Import Request.
  Time since last request: 0.000267 seconds.
  path: Assets/Free Pack/Ghost Manifestation 2.wav
  artifactKey: Guid(618be86712ffac947997f96463301683) Importer(815301076,1909f56bfc062723c751e8b465ee728b)
Start importing Assets/Free Pack/Ghost Manifestation 2.wav using Guid(618be86712ffac947997f96463301683) Importer(815301076,1909f56bfc062723c751e8b465ee728b)  -> (artifact id: '98fc861b5876afb2bf71039abf1467f5') in 0.018477 seconds 
  Import took 0.024433 seconds .

========================================================================
Received Import Request.
  Time since last request: 0.000204 seconds.
  path: Assets/Free Pack/Magic Spell_Coins_2.wav
  artifactKey: Guid(34f9cbd28a9740349b6cc2f5e280dda3) Importer(815301076,1909f56bfc062723c751e8b465ee728b)
Start importing Assets/Free Pack/Magic Spell_Coins_2.wav using Guid(34f9cbd28a9740349b6cc2f5e280dda3) Importer(815301076,1909f56bfc062723c751e8b465ee728b)  -> (artifact id: 'ae1cfc58e594ec76724700eedda6ae41') in 0.016821 seconds 
  Import took 0.021580 seconds .

========================================================================
Received Import Request.
  Time since last request: 0.000212 seconds.
  path: Assets/Free Pack/Indiana Jones Punch.wav
  artifactKey: Guid(e1a75776f005439469f89a17a986c567) Importer(815301076,1909f56bfc062723c751e8b465ee728b)
Start importing Assets/Free Pack/Indiana Jones Punch.wav using Guid(e1a75776f005439469f89a17a986c567) Importer(815301076,1909f56bfc062723c751e8b465ee728b)  -> (artifact id: 'ec03310a6f6736d941b5bbff0f4570d2') in 0.021570 seconds 
  Import took 0.026392 seconds .

========================================================================
Received Import Request.
  Time since last request: 0.000260 seconds.
  path: Assets/Free Pack/Magic Spell - Turn to stone.wav
  artifactKey: Guid(5fe4bc0609c03e24097e0cb3666a4fb5) Importer(815301076,1909f56bfc062723c751e8b465ee728b)
Start importing Assets/Free Pack/Magic Spell - Turn to stone.wav using Guid(5fe4bc0609c03e24097e0cb3666a4fb5) Importer(815301076,1909f56bfc062723c751e8b465ee728b)  -> (artifact id: '34ac1f5b9a39f359b3cdc7dd84c86b96') in 0.018625 seconds 
  Import took 0.025262 seconds .

========================================================================
Received Import Request.
  Time since last request: 0.000236 seconds.
  path: Assets/Free Pack/Laser Multiple shots 1.wav
  artifactKey: Guid(c9bb4171cafd3dd47829336ea4c8d988) Importer(815301076,1909f56bfc062723c751e8b465ee728b)
Start importing Assets/Free Pack/Laser Multiple shots 1.wav using Guid(c9bb4171cafd3dd47829336ea4c8d988) Importer(815301076,1909f56bfc062723c751e8b465ee728b)  -> (artifact id: 'f80e92c577219913ee0b885184ede743') in 0.016857 seconds 
  Import took 0.023621 seconds .

========================================================================
Received Import Request.
  Time since last request: 0.000220 seconds.
  path: Assets/Free Pack/Metal impact 5.wav
  artifactKey: Guid(958408b32ccf3714ea02821877b0870c) Importer(815301076,1909f56bfc062723c751e8b465ee728b)
Start importing Assets/Free Pack/Metal impact 5.wav using Guid(958408b32ccf3714ea02821877b0870c) Importer(815301076,1909f56bfc062723c751e8b465ee728b)  -> (artifact id: '6d605d6b9ecb011c18907ffcb2f5b4a6') in 0.017047 seconds 
  Import took 0.022518 seconds .

========================================================================
Received Import Request.
  Time since last request: 0.000190 seconds.
  path: Assets/Free Pack/Monster Bite on Armor.wav
  artifactKey: Guid(8ebcb6234d419344daa712ba65bb3798) Importer(815301076,1909f56bfc062723c751e8b465ee728b)
Start importing Assets/Free Pack/Monster Bite on Armor.wav using Guid(8ebcb6234d419344daa712ba65bb3798) Importer(815301076,1909f56bfc062723c751e8b465ee728b)  -> (artifact id: '559dbf08990c393aa5d91d27e71b8729') in 0.015947 seconds 
  Import took 0.021071 seconds .

========================================================================
Received Import Request.
  Time since last request: 0.000315 seconds.
  path: Assets/Free Pack/Bullet Impacts - Multiple 1.wav
  artifactKey: Guid(0b93f9af63befa2478916a5396131fff) Importer(815301076,1909f56bfc062723c751e8b465ee728b)
Start importing Assets/Free Pack/Bullet Impacts - Multiple 1.wav using Guid(0b93f9af63befa2478916a5396131fff) Importer(815301076,1909f56bfc062723c751e8b465ee728b)  -> (artifact id: '1c0de97f4576bc58355ad929993b8262') in 0.016067 seconds 
  Import took 0.020889 seconds .

========================================================================
Received Import Request.
  Time since last request: 0.000218 seconds.
  path: Assets/Free Pack/Laser Impact Light_6.wav
  artifactKey: Guid(bb6cdd13aeb95f743847b1cd460889bc) Importer(815301076,1909f56bfc062723c751e8b465ee728b)
Start importing Assets/Free Pack/Laser Impact Light_6.wav using Guid(bb6cdd13aeb95f743847b1cd460889bc) Importer(815301076,1909f56bfc062723c751e8b465ee728b)  -> (artifact id: '9e07232e731d82913fbd83e2f58dac42') in 0.018588 seconds 
  Import took 0.023357 seconds .

========================================================================
Received Import Request.
  Time since last request: 0.000213 seconds.
  path: Assets/Free Pack/Explosion 2.wav
  artifactKey: Guid(986d6b30567e30e428f3f21373fe45ca) Importer(815301076,1909f56bfc062723c751e8b465ee728b)
Start importing Assets/Free Pack/Explosion 2.wav using Guid(986d6b30567e30e428f3f21373fe45ca) Importer(815301076,1909f56bfc062723c751e8b465ee728b)  -> (artifact id: '5e051be71a7490daaabe33e7cb3f83b5') in 0.014866 seconds 
  Import took 0.019597 seconds .

========================================================================
Received Import Request.
  Time since last request: 0.000260 seconds.
  path: Assets/Free Pack/Hand Gun_6.wav
  artifactKey: Guid(6dd7024f00606b44eb5884197a66a893) Importer(815301076,1909f56bfc062723c751e8b465ee728b)
Start importing Assets/Free Pack/Hand Gun_6.wav using Guid(6dd7024f00606b44eb5884197a66a893) Importer(815301076,1909f56bfc062723c751e8b465ee728b)  -> (artifact id: 'f7f0af82478beedc2086a42ac9fd2acb') in 0.014584 seconds 
  Import took 0.019418 seconds .

========================================================================
Received Import Request.
  Time since last request: 0.000236 seconds.
  path: Assets/Free Pack/Explosion 1.wav
  artifactKey: Guid(1fd31868d68903d4f9e2c4a3b7ef98f3) Importer(815301076,1909f56bfc062723c751e8b465ee728b)
Start importing Assets/Free Pack/Explosion 1.wav using Guid(1fd31868d68903d4f9e2c4a3b7ef98f3) Importer(815301076,1909f56bfc062723c751e8b465ee728b)  -> (artifact id: '6a16907741fd9f9a8533a09f2be86c8e') in 0.015440 seconds 
  Import took 0.019788 seconds .

========================================================================
Received Import Request.
  Time since last request: 0.000223 seconds.
  path: Assets/Free Pack/Magic Spell_Simple Swoosh_6.wav
  artifactKey: Guid(cc6699269b4c1d44ea1e860518b9bb73) Importer(815301076,1909f56bfc062723c751e8b465ee728b)
Start importing Assets/Free Pack/Magic Spell_Simple Swoosh_6.wav using Guid(cc6699269b4c1d44ea1e860518b9bb73) Importer(815301076,1909f56bfc062723c751e8b465ee728b)  -> (artifact id: 'e57feb6f830d847964e888070d720bc4') in 0.013884 seconds 
  Import took 0.017863 seconds .

========================================================================
Received Import Request.
  Time since last request: 0.000229 seconds.
  path: Assets/Free Pack/Thunder strikes 30 second- Loop.wav
  artifactKey: Guid(7dc48ac47b618424f8d032a339525809) Importer(815301076,1909f56bfc062723c751e8b465ee728b)
Start importing Assets/Free Pack/Thunder strikes 30 second- Loop.wav using Guid(7dc48ac47b618424f8d032a339525809) Importer(815301076,1909f56bfc062723c751e8b465ee728b)  -> (artifact id: 'fbdf82c13e27f75efe55b050e32a7b1b') in 0.014614 seconds 
  Import took 0.018788 seconds .

========================================================================
Received Import Request.
  Time since last request: 0.000193 seconds.
  path: Assets/Free Pack/Heavy Object Impact 10.wav
  artifactKey: Guid(7b69beceabbd8f24e8bc62d77ac7ca1c) Importer(815301076,1909f56bfc062723c751e8b465ee728b)
Start importing Assets/Free Pack/Heavy Object Impact 10.wav using Guid(7b69beceabbd8f24e8bc62d77ac7ca1c) Importer(815301076,1909f56bfc062723c751e8b465ee728b)  -> (artifact id: 'ec4a8dd11e34b41e7b5edc3a1ca6f423') in 0.014992 seconds 
  Import took 0.018925 seconds .

========================================================================
Received Import Request.
  Time since last request: 0.000288 seconds.
  path: Assets/Free Pack/Forest 6 - Ice Forest.wav
  artifactKey: Guid(f14e8bfdac498dd4f82766090b48e582) Importer(815301076,1909f56bfc062723c751e8b465ee728b)
Start importing Assets/Free Pack/Forest 6 - Ice Forest.wav using Guid(f14e8bfdac498dd4f82766090b48e582) Importer(815301076,1909f56bfc062723c751e8b465ee728b)  -> (artifact id: '53f2d021aa423781b87ab946cffabff4') in 0.015835 seconds 
  Import took 0.020188 seconds .

========================================================================
Received Import Request.
  Time since last request: 0.000317 seconds.
  path: Assets/Free Pack/Bloody punch.wav
  artifactKey: Guid(a37f44cbf8c2a7443a3c361efa2f233a) Importer(815301076,1909f56bfc062723c751e8b465ee728b)
Start importing Assets/Free Pack/Bloody punch.wav using Guid(a37f44cbf8c2a7443a3c361efa2f233a) Importer(815301076,1909f56bfc062723c751e8b465ee728b)  -> (artifact id: 'dc2bd1055fd2a6141ef7981add3f3bf9') in 0.014857 seconds 
  Import took 0.020574 seconds .

========================================================================
Received Import Request.
  Time since last request: 0.000236 seconds.
  path: Assets/Free Pack/Railgun - Shot 6.wav
  artifactKey: Guid(f9eb44b85c96be5429737d4dcadbfa3b) Importer(815301076,1909f56bfc062723c751e8b465ee728b)
Start importing Assets/Free Pack/Railgun - Shot 6.wav using Guid(f9eb44b85c96be5429737d4dcadbfa3b) Importer(815301076,1909f56bfc062723c751e8b465ee728b)  -> (artifact id: '5c3b417b1a6ee6ef4d4fa3e242626c96') in 0.016066 seconds 
  Import took 0.021418 seconds .

========================================================================
Received Import Request.
  Time since last request: 0.000325 seconds.
  path: Assets/Free Pack/Laser Gun Salve.wav
  artifactKey: Guid(e88084c6f293c324db2b4dcf575d60dc) Importer(815301076,1909f56bfc062723c751e8b465ee728b)
Start importing Assets/Free Pack/Laser Gun Salve.wav using Guid(e88084c6f293c324db2b4dcf575d60dc) Importer(815301076,1909f56bfc062723c751e8b465ee728b)  -> (artifact id: 'd567533cb4108abd01ce940cecef56a1') in 0.014131 seconds 
  Import took 0.018571 seconds .

========================================================================
Received Import Request.
  Time since last request: 0.000257 seconds.
  path: Assets/Free Pack/Bullet Impact 14.wav
  artifactKey: Guid(75adfe9a619833445a701305b983e548) Importer(815301076,1909f56bfc062723c751e8b465ee728b)
Start importing Assets/Free Pack/Bullet Impact 14.wav using Guid(75adfe9a619833445a701305b983e548) Importer(815301076,1909f56bfc062723c751e8b465ee728b)  -> (artifact id: '46bf0b4c1fdc339c55cdfc7a1ceb491a') in 0.014449 seconds 
  Import took 0.018835 seconds .

========================================================================
Received Import Request.
  Time since last request: 0.000242 seconds.
  path: Assets/Free Pack/Cavern Atmosphere - Loop.wav
  artifactKey: Guid(6d2e2db0b97a8c84e9b7aba22496d5fe) Importer(815301076,1909f56bfc062723c751e8b465ee728b)
Start importing Assets/Free Pack/Cavern Atmosphere - Loop.wav using Guid(6d2e2db0b97a8c84e9b7aba22496d5fe) Importer(815301076,1909f56bfc062723c751e8b465ee728b)  -> (artifact id: 'a2fab24164793aad62805e74cf85cbd4') in 0.014729 seconds 
  Import took 0.019848 seconds .

========================================================================
Received Import Request.
  Time since last request: 0.000272 seconds.
  path: Assets/Free Pack/Walking in ChainMail - Loop.wav
  artifactKey: Guid(9b713c76b05f8b04882a23a60605b0d2) Importer(815301076,1909f56bfc062723c751e8b465ee728b)
Start importing Assets/Free Pack/Walking in ChainMail - Loop.wav using Guid(9b713c76b05f8b04882a23a60605b0d2) Importer(815301076,1909f56bfc062723c751e8b465ee728b)  -> (artifact id: 'b41afe2de26efc363149da3f9d3aed5a') in 0.014368 seconds 
  Import took 0.018746 seconds .

========================================================================
Received Import Request.
  Time since last request: 0.000213 seconds.
  path: Assets/Free Pack/Monster Bite.wav
  artifactKey: Guid(ac6034ade498bb94b87620cdf6eac48b) Importer(815301076,1909f56bfc062723c751e8b465ee728b)
Start importing Assets/Free Pack/Monster Bite.wav using Guid(ac6034ade498bb94b87620cdf6eac48b) Importer(815301076,1909f56bfc062723c751e8b465ee728b)  -> (artifact id: '6e01959354054cde8c1caaf35f765a41') in 0.014641 seconds 
  Import took 0.018839 seconds .

========================================================================
Received Import Request.
  Time since last request: 0.000282 seconds.
  path: Assets/Free Pack/Magic Spell - Sleeping spell 1.wav
  artifactKey: Guid(adcac75087a17704ca6c0c3b15bc3aa5) Importer(815301076,1909f56bfc062723c751e8b465ee728b)
Start importing Assets/Free Pack/Magic Spell - Sleeping spell 1.wav using Guid(adcac75087a17704ca6c0c3b15bc3aa5) Importer(815301076,1909f56bfc062723c751e8b465ee728b)  -> (artifact id: '2beea02bd70ff9175622fb819642f90a') in 0.014567 seconds 
  Import took 0.019371 seconds .

========================================================================
Received Import Request.
  Time since last request: 0.000200 seconds.
  path: Assets/Free Pack/Machine Gun 1.wav
  artifactKey: Guid(d40330822ccea6140b664c0560d5022f) Importer(815301076,1909f56bfc062723c751e8b465ee728b)
Start importing Assets/Free Pack/Machine Gun 1.wav using Guid(d40330822ccea6140b664c0560d5022f) Importer(815301076,1909f56bfc062723c751e8b465ee728b)  -> (artifact id: '19238cb68567116d45e618bb3e1d7bc9') in 0.027816 seconds 
  Import took 0.032880 seconds .

========================================================================
Received Import Request.
  Time since last request: 0.000222 seconds.
  path: Assets/Free Pack/Dragon Spit Fire 1.wav
  artifactKey: Guid(7d156b8a5b340cd46bcf0a76557dd2dd) Importer(815301076,1909f56bfc062723c751e8b465ee728b)
Start importing Assets/Free Pack/Dragon Spit Fire 1.wav using Guid(7d156b8a5b340cd46bcf0a76557dd2dd) Importer(815301076,1909f56bfc062723c751e8b465ee728b)  -> (artifact id: 'ae66c472710510dff14d613ff7fee37b') in 0.019062 seconds 
  Import took 0.026206 seconds .

========================================================================
Received Import Request.
  Time since last request: 0.000438 seconds.
  path: Assets/Free Pack/Hand Gun 1.wav
  artifactKey: Guid(6739c01659ad96d47987f4ddee226b36) Importer(815301076,1909f56bfc062723c751e8b465ee728b)
Start importing Assets/Free Pack/Hand Gun 1.wav using Guid(6739c01659ad96d47987f4ddee226b36) Importer(815301076,1909f56bfc062723c751e8b465ee728b)  -> (artifact id: '662963f12138d41af9119ae616b555d4') in 0.070329 seconds 
  Import took 0.088722 seconds .

========================================================================
Received Import Request.
  Time since last request: 0.000292 seconds.
  path: Assets/Free Pack/Bullet Impact 21.wav
  artifactKey: Guid(e11a5a019377fbd4c81caa0adcb4c236) Importer(815301076,1909f56bfc062723c751e8b465ee728b)
Start importing Assets/Free Pack/Bullet Impact 21.wav using Guid(e11a5a019377fbd4c81caa0adcb4c236) Importer(815301076,1909f56bfc062723c751e8b465ee728b)  -> (artifact id: 'ce081013ccf085cfa1519a7f1cea4176') in 0.018794 seconds 
  Import took 0.024915 seconds .

========================================================================
Received Import Request.
  Time since last request: 0.000243 seconds.
  path: Assets/Free Pack/Earthquake 3 - Big.wav
  artifactKey: Guid(5ae4d298ed547ba4c88587effb75d7e1) Importer(815301076,1909f56bfc062723c751e8b465ee728b)
Start importing Assets/Free Pack/Earthquake 3 - Big.wav using Guid(5ae4d298ed547ba4c88587effb75d7e1) Importer(815301076,1909f56bfc062723c751e8b465ee728b)  -> (artifact id: '1c6887e0de68f80e3920e4c50c2e95de') in 0.016840 seconds 
  Import took 0.022302 seconds .

========================================================================
Received Import Request.
  Time since last request: 0.000272 seconds.
  path: Assets/Free Pack/Hand Gun 2.wav
  artifactKey: Guid(34b439bf70b80a6409eadecc6be92d68) Importer(815301076,1909f56bfc062723c751e8b465ee728b)
Start importing Assets/Free Pack/Hand Gun 2.wav using Guid(34b439bf70b80a6409eadecc6be92d68) Importer(815301076,1909f56bfc062723c751e8b465ee728b)  -> (artifact id: '753b73b36d51677c9167e182f2b1665a') in 0.043520 seconds 
  Import took 0.085907 seconds .

========================================================================
Received Import Request.
  Time since last request: 0.002179 seconds.
  path: Assets/Free Pack/Chemistry reaction 3 - Big.wav
  artifactKey: Guid(4144ed0d6abcc42479fe873c54bbe0fa) Importer(815301076,1909f56bfc062723c751e8b465ee728b)
Start importing Assets/Free Pack/Chemistry reaction 3 - Big.wav using Guid(4144ed0d6abcc42479fe873c54bbe0fa) Importer(815301076,1909f56bfc062723c751e8b465ee728b)  -> (artifact id: '0f6b8d09a5a797a8c464b7c4bafe9723') in 0.067622 seconds 
  Import took 0.116861 seconds .

========================================================================
Received Import Request.
  Time since last request: 0.000395 seconds.
  path: Assets/Free Pack/Magic Spell_Short Reverse_1.wav
  artifactKey: Guid(7f4aa26d5b55226409cda231ffaf869b) Importer(815301076,1909f56bfc062723c751e8b465ee728b)
Start importing Assets/Free Pack/Magic Spell_Short Reverse_1.wav using Guid(7f4aa26d5b55226409cda231ffaf869b) Importer(815301076,1909f56bfc062723c751e8b465ee728b)  -> (artifact id: '11b1e6cb4fdc3b8d80aeff91ca2e3f30') in 0.019782 seconds 
  Import took 0.025936 seconds .

========================================================================
Received Import Request.
  Time since last request: 0.000265 seconds.
  path: Assets/Free Pack/Tsunami hitting a Large City.wav
  artifactKey: Guid(40ab3a7e4e36423488e589303d63346f) Importer(815301076,1909f56bfc062723c751e8b465ee728b)
Start importing Assets/Free Pack/Tsunami hitting a Large City.wav using Guid(40ab3a7e4e36423488e589303d63346f) Importer(815301076,1909f56bfc062723c751e8b465ee728b)  -> (artifact id: '3f7ecfcd0c65c44dab2bf39afe312ddc') in 0.020023 seconds 
  Import took 0.027564 seconds .

========================================================================
Received Import Request.
  Time since last request: 0.000337 seconds.
  path: Assets/Free Pack/Cannon impact 9.wav
  artifactKey: Guid(5ff823f546b52574a931e1d9b44290a6) Importer(815301076,1909f56bfc062723c751e8b465ee728b)
Start importing Assets/Free Pack/Cannon impact 9.wav using Guid(5ff823f546b52574a931e1d9b44290a6) Importer(815301076,1909f56bfc062723c751e8b465ee728b)  -> (artifact id: '3748809f4fa5611c3ab636bbc1af0320') in 0.031889 seconds 
  Import took 0.038337 seconds .

========================================================================
Received Import Request.
  Time since last request: 0.000323 seconds.
  path: Assets/Free Pack/Secret door.wav
  artifactKey: Guid(070779cdcfbe3ff4688691fb33bc3e4e) Importer(815301076,1909f56bfc062723c751e8b465ee728b)
Start importing Assets/Free Pack/Secret door.wav using Guid(070779cdcfbe3ff4688691fb33bc3e4e) Importer(815301076,1909f56bfc062723c751e8b465ee728b)  -> (artifact id: '9e79712b2634a013b4bf0af17a048741') in 0.020753 seconds 
  Import took 0.027404 seconds .

========================================================================
Received Import Request.
  Time since last request: 0.000545 seconds.
  path: Assets/Free Pack/Heavy Object Impact 4.wav
  artifactKey: Guid(9930d5b4be15bb04c9d0a6fa0d7e6b2e) Importer(815301076,1909f56bfc062723c751e8b465ee728b)
Start importing Assets/Free Pack/Heavy Object Impact 4.wav using Guid(9930d5b4be15bb04c9d0a6fa0d7e6b2e) Importer(815301076,1909f56bfc062723c751e8b465ee728b)  -> (artifact id: 'e40ceeeee98760f2ef67a58c550448c2') in 0.019932 seconds 
  Import took 0.027779 seconds .

========================================================================
Received Import Request.
  Time since last request: 0.000458 seconds.
  path: Assets/Free Pack/Spaceship passing by.wav
  artifactKey: Guid(7784e7ab59ab376458c07be56b1a8d6f) Importer(815301076,1909f56bfc062723c751e8b465ee728b)
Start importing Assets/Free Pack/Spaceship passing by.wav using Guid(7784e7ab59ab376458c07be56b1a8d6f) Importer(815301076,1909f56bfc062723c751e8b465ee728b)  -> (artifact id: '63b380e085e56891f817fbf816c3efe7') in 0.024611 seconds 
  Import took 0.034161 seconds .

========================================================================
Received Import Request.
  Time since last request: 0.001088 seconds.
  path: Assets/Free Pack/Autocannon - Shot 1.wav
  artifactKey: Guid(bb2e2714f962491428dcb0b38598b251) Importer(815301076,1909f56bfc062723c751e8b465ee728b)
Start importing Assets/Free Pack/Autocannon - Shot 1.wav using Guid(bb2e2714f962491428dcb0b38598b251) Importer(815301076,1909f56bfc062723c751e8b465ee728b)  -> (artifact id: 'c35a3dd08402c416a6daa23b89c747c1') in 0.021525 seconds 
  Import took 0.029147 seconds .

========================================================================
Received Import Request.
  Time since last request: 0.000284 seconds.
  path: Assets/Free Pack/Row Boat - Loop.wav
  artifactKey: Guid(78542e76d4c24a745bc1bb599adb55df) Importer(815301076,1909f56bfc062723c751e8b465ee728b)
Start importing Assets/Free Pack/Row Boat - Loop.wav using Guid(78542e76d4c24a745bc1bb599adb55df) Importer(815301076,1909f56bfc062723c751e8b465ee728b)  -> (artifact id: 'ad3a7c0f3f7c10fd1c4d022530cf53e8') in 0.022906 seconds 
  Import took 0.030223 seconds .

========================================================================
Received Import Request.
  Time since last request: 0.000248 seconds.
  path: Assets/Free Pack/Hand Gun 3.wav
  artifactKey: Guid(a764377339b869e459f5e53fb9258f73) Importer(815301076,1909f56bfc062723c751e8b465ee728b)
Start importing Assets/Free Pack/Hand Gun 3.wav using Guid(a764377339b869e459f5e53fb9258f73) Importer(815301076,1909f56bfc062723c751e8b465ee728b)  -> (artifact id: 'b48e9a3fb47c7b771390756780b066e1') in 0.023850 seconds 
  Import took 0.030635 seconds .

========================================================================
Received Import Request.
  Time since last request: 0.000300 seconds.
  path: Assets/Free Pack/Ice Cavern-Loop.wav
  artifactKey: Guid(517dbd5357d36724c9ff71219172b9f6) Importer(815301076,1909f56bfc062723c751e8b465ee728b)
Start importing Assets/Free Pack/Ice Cavern-Loop.wav using Guid(517dbd5357d36724c9ff71219172b9f6) Importer(815301076,1909f56bfc062723c751e8b465ee728b)  -> (artifact id: 'a5e88f93deb129212823bd07041c2171') in 0.018907 seconds 
  Import took 0.026335 seconds .

========================================================================
Received Import Request.
  Time since last request: 0.000320 seconds.
  path: Assets/Free Pack/Ghost Manifestation 1.wav
  artifactKey: Guid(26fbf6bb6963666478f6992bc53b9145) Importer(815301076,1909f56bfc062723c751e8b465ee728b)
Start importing Assets/Free Pack/Ghost Manifestation 1.wav using Guid(26fbf6bb6963666478f6992bc53b9145) Importer(815301076,1909f56bfc062723c751e8b465ee728b)  -> (artifact id: '7a6262838d30e62790ed0895e9620cc3') in 0.023947 seconds 
  Import took 0.051164 seconds .

========================================================================
Received Import Request.
  Time since last request: 0.001721 seconds.
  path: Assets/Free Pack/Magic Spell_Electricity Spell_1.wav
  artifactKey: Guid(eec3bf121b316d64ca1c8aac7573a2f4) Importer(815301076,1909f56bfc062723c751e8b465ee728b)
Start importing Assets/Free Pack/Magic Spell_Electricity Spell_1.wav using Guid(eec3bf121b316d64ca1c8aac7573a2f4) Importer(815301076,1909f56bfc062723c751e8b465ee728b)  -> (artifact id: 'b7264e174c8bb9497ff2cf4f22d1b48c') in 0.064969 seconds 
  Import took 0.079060 seconds .

========================================================================
Received Import Request.
  Time since last request: 0.003032 seconds.
  path: Assets/Free Pack/Carriage on Stone Road - Loop.wav
  artifactKey: Guid(1b46c101cacd70a4fa09545bf0d68820) Importer(815301076,1909f56bfc062723c751e8b465ee728b)
Start importing Assets/Free Pack/Carriage on Stone Road - Loop.wav using Guid(1b46c101cacd70a4fa09545bf0d68820) Importer(815301076,1909f56bfc062723c751e8b465ee728b)  -> (artifact id: '319309c48105dddd00affbb2b1c5ec45') in 0.055803 seconds 
  Import took 0.065211 seconds .

========================================================================
Received Import Request.
  Time since last request: 0.000340 seconds.
  path: Assets/Free Pack/Medieval City.wav
  artifactKey: Guid(c53d52b6903e77342963b7b627f126fb) Importer(815301076,1909f56bfc062723c751e8b465ee728b)
Start importing Assets/Free Pack/Medieval City.wav using Guid(c53d52b6903e77342963b7b627f126fb) Importer(815301076,1909f56bfc062723c751e8b465ee728b)  -> (artifact id: '33f115f51672b2557e7dacd5fdd7a8c2') in 0.021072 seconds 
  Import took 0.032925 seconds .

========================================================================
Received Import Request.
  Time since last request: 0.002895 seconds.
  path: Assets/Free Pack/Missile - Shot 4.wav
  artifactKey: Guid(281e15cc92254794eaf05caf4d044b76) Importer(815301076,1909f56bfc062723c751e8b465ee728b)
Start importing Assets/Free Pack/Missile - Shot 4.wav using Guid(281e15cc92254794eaf05caf4d044b76) Importer(815301076,1909f56bfc062723c751e8b465ee728b)  -> (artifact id: 'd356c94a9ed7aa666db2b6f07d7bd2a2') in 0.091683 seconds 
  Import took 0.115010 seconds .

========================================================================
Received Import Request.
  Time since last request: 144.032149 seconds.
  path: Assets/Free Pack/Railgun - Shot 7.wav
  artifactKey: Guid(1cee1072ae5ceda438ffc784f05f68a9) Importer(815301076,1909f56bfc062723c751e8b465ee728b)
Start importing Assets/Free Pack/Railgun - Shot 7.wav using Guid(1cee1072ae5ceda438ffc784f05f68a9) Importer(815301076,1909f56bfc062723c751e8b465ee728b)  -> (artifact id: 'eb538b26fcbe39fad7414939fcd65204') in 0.014918 seconds 
  Import took 0.020667 seconds .

========================================================================
Received Import Request.
  Time since last request: 0.000349 seconds.
  path: Assets/Free Pack/Row Boat - Loop 1.wav
  artifactKey: Guid(d0ae16c222129374d8e38ce7b63102c2) Importer(815301076,1909f56bfc062723c751e8b465ee728b)
Start importing Assets/Free Pack/Row Boat - Loop 1.wav using Guid(d0ae16c222129374d8e38ce7b63102c2) Importer(815301076,1909f56bfc062723c751e8b465ee728b)  -> (artifact id: 'bb88e9ebd4ca3a713428a59455f09167') in 0.016951 seconds 
  Import took 0.021833 seconds .

========================================================================
Received Import Request.
  Time since last request: 0.000320 seconds.
  path: Assets/Free Pack/Secret door 1.wav
  artifactKey: Guid(ae75f44e4eba66c46aeb200f0631a66b) Importer(815301076,1909f56bfc062723c751e8b465ee728b)
Start importing Assets/Free Pack/Secret door 1.wav using Guid(ae75f44e4eba66c46aeb200f0631a66b) Importer(815301076,1909f56bfc062723c751e8b465ee728b)  -> (artifact id: 'd6b7623f91fa58676f564d2e92be80be') in 0.015432 seconds 
  Import took 0.019505 seconds .

========================================================================
Received Import Request.
  Time since last request: 0.000347 seconds.
  path: Assets/Free Pack/Walking in ChainMail - Loop 1.wav
  artifactKey: Guid(a7842a8e1a9e4da46b02662e3e4623e2) Importer(815301076,1909f56bfc062723c751e8b465ee728b)
Start importing Assets/Free Pack/Walking in ChainMail - Loop 1.wav using Guid(a7842a8e1a9e4da46b02662e3e4623e2) Importer(815301076,1909f56bfc062723c751e8b465ee728b)  -> (artifact id: '2ab8b21fcbc84b9d01d89d65b4592ed0') in 0.015147 seconds 
  Import took 0.021923 seconds .

========================================================================
Received Import Request.
  Time since last request: 0.000316 seconds.
  path: Assets/Free Pack/Autocannon - Shot 2.wav
  artifactKey: Guid(e8d1cb0e4b7d40a4095250a2c36232ad) Importer(815301076,1909f56bfc062723c751e8b465ee728b)
Start importing Assets/Free Pack/Autocannon - Shot 2.wav using Guid(e8d1cb0e4b7d40a4095250a2c36232ad) Importer(815301076,1909f56bfc062723c751e8b465ee728b)  -> (artifact id: 'd6edab09f8654d28c79e439f003ded6a') in 0.013643 seconds 
  Import took 0.018786 seconds .

========================================================================
Received Import Request.
  Time since last request: 0.000261 seconds.
  path: Assets/Free Pack/Thunder strikes 30 second- Loop 1.wav
  artifactKey: Guid(9737d6a9cae366e46aea63ab107c548b) Importer(815301076,1909f56bfc062723c751e8b465ee728b)
Start importing Assets/Free Pack/Thunder strikes 30 second- Loop 1.wav using Guid(9737d6a9cae366e46aea63ab107c548b) Importer(815301076,1909f56bfc062723c751e8b465ee728b)  -> (artifact id: '312f076a5649f6f64a354fdbcec019f5') in 0.014349 seconds 
  Import took 0.018394 seconds .

========================================================================
Received Import Request.
  Time since last request: 0.000281 seconds.
  path: Assets/Free Pack/Tsunami hitting a Large City 1.wav
  artifactKey: Guid(6391b953b788b8446a863e1ff95a921d) Importer(815301076,1909f56bfc062723c751e8b465ee728b)
Start importing Assets/Free Pack/Tsunami hitting a Large City 1.wav using Guid(6391b953b788b8446a863e1ff95a921d) Importer(815301076,1909f56bfc062723c751e8b465ee728b)  -> (artifact id: 'e6cfd7a520e64ad27bee48351824520d') in 0.016507 seconds 
  Import took 0.020544 seconds .

========================================================================
Received Import Request.
  Time since last request: 0.000219 seconds.
  path: Assets/Free Pack/Spaceship passing by 1.wav
  artifactKey: Guid(dfc46284c00a44541b80ffee488c93ed) Importer(815301076,1909f56bfc062723c751e8b465ee728b)
Start importing Assets/Free Pack/Spaceship passing by 1.wav using Guid(dfc46284c00a44541b80ffee488c93ed) Importer(815301076,1909f56bfc062723c751e8b465ee728b)  -> (artifact id: '7ad685d1868bec7ccde4ee500eadec1e') in 0.015255 seconds 
  Import took 0.020863 seconds .

========================================================================
Received Import Request.
  Time since last request: 254.004352 seconds.
  path: Assets/CasualGameSounds
  artifactKey: Guid(e78afb158de5094428c9de7e4f976938) Importer(815301076,1909f56bfc062723c751e8b465ee728b)
Start importing Assets/CasualGameSounds using Guid(e78afb158de5094428c9de7e4f976938) Importer(815301076,1909f56bfc062723c751e8b465ee728b)  -> (artifact id: '98f4b4f3a857b5139ded12dbcc80bc25') in 0.009257 seconds 
  Import took 0.013832 seconds .

========================================================================
Received Import Request.
  Time since last request: 15.197490 seconds.
  path: Assets/CasualGameSounds/그나마....wav
  artifactKey: Guid(2c5292ba5cf254919a6b9e2b18e04f49) Importer(815301076,1909f56bfc062723c751e8b465ee728b)
Start importing Assets/CasualGameSounds/그나마....wav using Guid(2c5292ba5cf254919a6b9e2b18e04f49) Importer(815301076,1909f56bfc062723c751e8b465ee728b)  -> (artifact id: '8a8e849c8d5a5c69d54b3303ed5780b1') in 0.017018 seconds 
  Import took 0.022371 seconds .

========================================================================
Received Import Request.
  Time since last request: 10.361139 seconds.
  path: Assets/CasualGameSounds/그나마..2.wav
  artifactKey: Guid(29bde6326b4c34ad8a12da475f79b50a) Importer(815301076,1909f56bfc062723c751e8b465ee728b)
Start importing Assets/CasualGameSounds/그나마..2.wav using Guid(29bde6326b4c34ad8a12da475f79b50a) Importer(815301076,1909f56bfc062723c751e8b465ee728b)  -> (artifact id: '8d7f4554743e927c4ce8c695ebf52804') in 0.015538 seconds 
  Import took 0.021290 seconds .

========================================================================
Received Prepare
Registering precompiled user dll's ...
Registered in 0.005731 seconds.
Begin MonoManager ReloadAssembly
Native extension for WindowsStandalone target not found
Refreshing native plugins compatible for Editor in 0.47 ms, found 3 plugins.
Preloading 0 native plugins for Editor in 0.00 ms.
Mono: successfully reloaded assembly
- Completed reload, in  1.468 seconds
Domain Reload Profiling:
	ReloadAssembly (1468ms)
		BeginReloadAssembly (140ms)
			ExecutionOrderSort (0ms)
			DisableScriptedObjects (6ms)
			BackupInstance (0ms)
			ReleaseScriptingObjects (0ms)
			CreateAndSetChildDomain (41ms)
		EndReloadAssembly (1260ms)
			LoadAssemblies (110ms)
			RebuildTransferFunctionScriptingTraits (0ms)
			SetupTypeCache (497ms)
			ReleaseScriptCaches (1ms)
			RebuildScriptCaches (64ms)
			SetupLoadedEditorAssemblies (442ms)
				LogAssemblyErrors (0ms)
				InitializePlatformSupportModulesInManaged (5ms)
				SetLoadedEditorAssemblies (1ms)
				RefreshPlugins (1ms)
				BeforeProcessingInitializeOnLoad (102ms)
				ProcessInitializeOnLoadAttributes (317ms)
				ProcessInitializeOnLoadMethodAttributes (8ms)
				AfterProcessingInitializeOnLoad (9ms)
				EditorAssembliesLoaded (0ms)
			ExecutionOrderSort2 (0ms)
			AwakeInstancesAfterBackupRestoration (12ms)
Platform modules already initialized, skipping
Switching build target platform(19) subTarget(0) extendedPlatform(0) -> platform(13) subTarget(537395200) extendedPlatform(0)
Refreshing native plugins compatible for Editor in 0.46 ms, found 3 plugins.
Preloading 0 native plugins for Editor in 0.00 ms.
Unloading 2094 Unused Serialized files (Serialized files now loaded: 0)
System memory in use before: 98.9 MB.
System memory in use after: 98.9 MB.

Unloading 21 unused Assets to reduce memory usage. Loaded Objects now: 2542.
Total: 3.244300 ms (FindLiveObjects: 0.216700 ms CreateObjectMapping: 0.080000 ms MarkObjects: 2.789600 ms  DeleteObjects: 0.156800 ms)

AssetImportParameters requested are different than current active one (requested -> active):
  custom:framework-win-MediaFoundation: 216162199b28c13a410421893ffa2e32 -> 
  custom:video-decoder-ogg-theora: a1e56fd34408186e4bbccfd4996cb3dc -> 
  custom:container-muxer-webm: aa71ff27fc2769a1b78a27578f13a17b -> 
  custom:container-demuxer-webm: 4f35f7cbe854078d1ac9338744f61a02 -> 
  custom:container-demuxer-ogg: 62fdf1f143b41e24485cea50d1cbac27 -> 
  custom:video-encoder-webm-vp8: eb34c28f22e8b96e1ab97ce403110664 -> 
  custom:video-decoder-webm-vp8: 9c59270c3fd7afecdb556c50c9e8de78 -> 
  custom:graphics/normal-map-encoding: 01000000000000000000000000000000 -> 02000000000000000000000000000000
  custom:audio-decoder-ogg-vorbis: bf7c407c2cedff20999df2af8eb42d56 -> 
  custom:audio-encoder-webm-vorbis: bf7c407c2cedff20999df2af8eb42d56 -> 
AssetImportWorkerClient::OnTransportError - code=2 error=End of file
